{"/Users/sysoev/Development/JavaScript/generator-np/app/index.js":{"path":"/Users/sysoev/Development/JavaScript/generator-np/app/index.js","s":{"1":1,"2":1,"3":1,"4":1,"5":1,"6":1,"7":1,"8":1,"9":1,"10":1,"11":1,"12":1,"13":1,"14":1,"15":1,"16":1,"17":1,"18":8,"19":1,"20":6,"21":6,"22":6,"23":6,"24":6,"25":6,"26":6,"27":6,"28":6,"29":6,"30":6,"31":6,"32":6,"33":6,"34":6,"35":0,"36":0,"37":6,"38":0,"39":6},"b":{"1":[4,4],"2":[8,8],"3":[6,0],"4":[0,6]},"f":{"1":8,"2":6,"3":6,"4":6,"5":6,"6":6,"7":6},"fnMap":{"1":{"name":"_interopRequireDefault","line":35,"loc":{"start":{"line":35,"column":0},"end":{"line":35,"column":37}}},"2":{"name":"init","line":40,"loc":{"start":{"line":38,"column":8},"end":{"line":38,"column":24}}},"3":{"name":"(anonymous_3)","line":54,"loc":{"start":{"line":52,"column":142},"end":{"line":52,"column":159}}},"4":{"name":"(anonymous_4)","line":56,"loc":{"start":{"line":54,"column":12},"end":{"line":54,"column":29}}},"5":{"name":"(anonymous_5)","line":58,"loc":{"start":{"line":56,"column":12},"end":{"line":56,"column":24}}},"6":{"name":"install","line":62,"loc":{"start":{"line":60,"column":11},"end":{"line":60,"column":30}}},"7":{"name":"end","line":68,"loc":{"start":{"line":66,"column":7},"end":{"line":66,"column":22}}}},"statementMap":{"1":{"start":{"line":3,"column":0},"end":{"line":3,"column":51}},"2":{"start":{"line":5,"column":0},"end":{"line":5,"column":65}},"3":{"start":{"line":7,"column":0},"end":{"line":7,"column":45}},"4":{"start":{"line":9,"column":0},"end":{"line":9,"column":59}},"5":{"start":{"line":11,"column":0},"end":{"line":11,"column":47}},"6":{"start":{"line":13,"column":0},"end":{"line":13,"column":55}},"7":{"start":{"line":15,"column":0},"end":{"line":15,"column":30}},"8":{"start":{"line":17,"column":0},"end":{"line":17,"column":45}},"9":{"start":{"line":19,"column":0},"end":{"line":19,"column":51}},"10":{"start":{"line":21,"column":0},"end":{"line":21,"column":57}},"11":{"start":{"line":23,"column":0},"end":{"line":23,"column":59}},"12":{"start":{"line":25,"column":0},"end":{"line":25,"column":65}},"13":{"start":{"line":27,"column":0},"end":{"line":27,"column":44}},"14":{"start":{"line":29,"column":0},"end":{"line":29,"column":51}},"15":{"start":{"line":31,"column":0},"end":{"line":31,"column":42}},"16":{"start":{"line":33,"column":0},"end":{"line":33,"column":49}},"17":{"start":{"line":35,"column":0},"end":{"line":35,"column":95}},"18":{"start":{"line":35,"column":39},"end":{"line":35,"column":93}},"19":{"start":{"line":37,"column":0},"end":{"line":71,"column":3}},"20":{"start":{"line":39,"column":4},"end":{"line":39,"column":21}},"21":{"start":{"line":41,"column":4},"end":{"line":41,"column":26}},"22":{"start":{"line":43,"column":4},"end":{"line":43,"column":40}},"23":{"start":{"line":44,"column":4},"end":{"line":44,"column":52}},"24":{"start":{"line":45,"column":4},"end":{"line":45,"column":58}},"25":{"start":{"line":46,"column":4},"end":{"line":46,"column":31}},"26":{"start":{"line":47,"column":4},"end":{"line":47,"column":25}},"27":{"start":{"line":48,"column":4},"end":{"line":48,"column":21}},"28":{"start":{"line":50,"column":4},"end":{"line":50,"column":84}},"29":{"start":{"line":52,"column":4},"end":{"line":58,"column":41}},"30":{"start":{"line":53,"column":6},"end":{"line":53,"column":179}},"31":{"start":{"line":55,"column":6},"end":{"line":55,"column":33}},"32":{"start":{"line":57,"column":6},"end":{"line":57,"column":18}},"33":{"start":{"line":61,"column":4},"end":{"line":61,"column":41}},"34":{"start":{"line":61,"column":34},"end":{"line":61,"column":41}},"35":{"start":{"line":63,"column":4},"end":{"line":63,"column":22}},"36":{"start":{"line":64,"column":4},"end":{"line":64,"column":39}},"37":{"start":{"line":67,"column":4},"end":{"line":67,"column":28}},"38":{"start":{"line":67,"column":21},"end":{"line":67,"column":28}},"39":{"start":{"line":69,"column":4},"end":{"line":69,"column":60}}},"branchMap":{"1":{"line":36,"type":"cond-expr","locations":[{"start":{"line":35,"column":70},"end":{"line":35,"column":73}},{"start":{"line":35,"column":76},"end":{"line":35,"column":92}}]},"2":{"line":36,"type":"binary-expr","locations":[{"start":{"line":35,"column":46},"end":{"line":35,"column":49}},{"start":{"line":35,"column":53},"end":{"line":35,"column":67}}]},"3":{"line":63,"type":"if","locations":[{"start":{"line":61,"column":4},"end":{"line":61,"column":4}},{"start":{"line":61,"column":4},"end":{"line":61,"column":4}}]},"4":{"line":69,"type":"if","locations":[{"start":{"line":67,"column":4},"end":{"line":67,"column":4}},{"start":{"line":67,"column":4},"end":{"line":67,"column":4}}]}}},"/Users/sysoev/Development/JavaScript/generator-np/app/index/files-config.js":{"path":"/Users/sysoev/Development/JavaScript/generator-np/app/index/files-config.js","s":{"1":1,"2":1},"b":{},"f":{},"fnMap":{},"statementMap":{"1":{"start":{"line":3,"column":0},"end":{"line":5,"column":3}},"2":{"start":{"line":6,"column":0},"end":{"line":10,"column":2}}},"branchMap":{}},"/Users/sysoev/Development/JavaScript/generator-np/app/index/user-interaction.js":{"path":"/Users/sysoev/Development/JavaScript/generator-np/app/index/user-interaction.js","s":{"1":1,"2":1,"3":1,"4":6,"5":6,"6":6,"7":6,"8":6,"9":6,"10":0,"11":6,"12":0,"13":6},"b":{"1":[0,0]},"f":{"1":6,"2":6,"3":0,"4":6,"5":0,"6":6},"fnMap":{"1":{"name":"userInteraction","line":7,"loc":{"start":{"line":7,"column":0},"end":{"line":7,"column":34}}},"2":{"name":"(anonymous_2)","line":13,"loc":{"start":{"line":13,"column":21},"end":{"line":13,"column":40}}},"3":{"name":"filter","line":19,"loc":{"start":{"line":19,"column":14},"end":{"line":19,"column":35}}},"4":{"name":"_default","line":42,"loc":{"start":{"line":42,"column":15},"end":{"line":42,"column":40}}},"5":{"name":"filter","line":45,"loc":{"start":{"line":45,"column":14},"end":{"line":45,"column":35}}},"6":{"name":"when","line":58,"loc":{"start":{"line":58,"column":12},"end":{"line":58,"column":33}}}},"statementMap":{"1":{"start":{"line":3,"column":0},"end":{"line":5,"column":3}},"2":{"start":{"line":6,"column":0},"end":{"line":6,"column":34}},"3":{"start":{"line":7,"column":0},"end":{"line":73,"column":1}},"4":{"start":{"line":8,"column":2},"end":{"line":8,"column":30}},"5":{"start":{"line":9,"column":2},"end":{"line":9,"column":32}},"6":{"start":{"line":10,"column":2},"end":{"line":10,"column":42}},"7":{"start":{"line":11,"column":2},"end":{"line":11,"column":22}},"8":{"start":{"line":13,"column":2},"end":{"line":72,"column":5}},"9":{"start":{"line":14,"column":4},"end":{"line":71,"column":17}},"10":{"start":{"line":20,"column":8},"end":{"line":20,"column":31}},"11":{"start":{"line":43,"column":8},"end":{"line":43,"column":60}},"12":{"start":{"line":46,"column":8},"end":{"line":46,"column":44}},"13":{"start":{"line":59,"column":8},"end":{"line":59,"column":28}}},"branchMap":{"1":{"line":46,"type":"cond-expr","locations":[{"start":{"line":46,"column":21},"end":{"line":46,"column":38}},{"start":{"line":46,"column":41},"end":{"line":46,"column":43}}]}}},"/Users/sysoev/Development/JavaScript/generator-np/app/index/generate.js":{"path":"/Users/sysoev/Development/JavaScript/generator-np/app/index/generate.js","s":{"1":1,"2":1,"3":1,"4":1,"5":1,"6":1,"7":1,"8":1,"9":6,"10":6,"11":6,"12":1,"13":6,"14":6,"15":6,"16":6,"17":42,"18":1,"19":6,"20":6,"21":6,"22":6,"23":18,"24":17,"25":1,"26":1,"27":1,"28":1,"29":1,"30":1,"31":6,"32":6,"33":6,"34":6,"35":1,"36":6,"37":6,"38":6,"39":6,"40":1,"41":6,"42":6,"43":6,"44":6},"b":{"1":[6,5],"2":[18,3],"3":[1,5]},"f":{"1":6,"2":6,"3":42,"4":6,"5":18,"6":17,"7":1,"8":6,"9":6},"fnMap":{"1":{"name":"generateTplData","line":12,"loc":{"start":{"line":12,"column":0},"end":{"line":12,"column":41}}},"2":{"name":"copy","line":35,"loc":{"start":{"line":35,"column":0},"end":{"line":35,"column":33}}},"3":{"name":"(anonymous_3)","line":40,"loc":{"start":{"line":40,"column":15},"end":{"line":40,"column":31}}},"4":{"name":"tpl","line":45,"loc":{"start":{"line":45,"column":0},"end":{"line":45,"column":47}}},"5":{"name":"(anonymous_5)","line":50,"loc":{"start":{"line":50,"column":17},"end":{"line":50,"column":33}}},"6":{"name":"(anonymous_6)","line":52,"loc":{"start":{"line":52,"column":9},"end":{"line":52,"column":25}}},"7":{"name":"cli","line":57,"loc":{"start":{"line":57,"column":0},"end":{"line":57,"column":31}}},"8":{"name":"tests","line":65,"loc":{"start":{"line":65,"column":0},"end":{"line":65,"column":40}}},"9":{"name":"generate","line":73,"loc":{"start":{"line":73,"column":0},"end":{"line":73,"column":41}}}},"statementMap":{"1":{"start":{"line":3,"column":0},"end":{"line":5,"column":3}},"2":{"start":{"line":6,"column":0},"end":{"line":6,"column":42}},"3":{"start":{"line":7,"column":0},"end":{"line":7,"column":20}},"4":{"start":{"line":8,"column":0},"end":{"line":8,"column":18}},"5":{"start":{"line":9,"column":0},"end":{"line":9,"column":18}},"6":{"start":{"line":10,"column":0},"end":{"line":10,"column":22}},"7":{"start":{"line":11,"column":0},"end":{"line":11,"column":27}},"8":{"start":{"line":12,"column":0},"end":{"line":33,"column":1}},"9":{"start":{"line":13,"column":2},"end":{"line":13,"column":22}},"10":{"start":{"line":14,"column":2},"end":{"line":14,"column":26}},"11":{"start":{"line":16,"column":2},"end":{"line":32,"column":4}},"12":{"start":{"line":35,"column":0},"end":{"line":43,"column":1}},"13":{"start":{"line":36,"column":2},"end":{"line":36,"column":22}},"14":{"start":{"line":37,"column":2},"end":{"line":37,"column":42}},"15":{"start":{"line":38,"column":2},"end":{"line":38,"column":48}},"16":{"start":{"line":40,"column":2},"end":{"line":42,"column":5}},"17":{"start":{"line":41,"column":4},"end":{"line":41,"column":70}},"18":{"start":{"line":45,"column":0},"end":{"line":55,"column":1}},"19":{"start":{"line":46,"column":2},"end":{"line":46,"column":22}},"20":{"start":{"line":47,"column":2},"end":{"line":47,"column":42}},"21":{"start":{"line":48,"column":2},"end":{"line":48,"column":48}},"22":{"start":{"line":50,"column":2},"end":{"line":54,"column":5}},"23":{"start":{"line":51,"column":4},"end":{"line":51,"column":58}},"24":{"start":{"line":53,"column":4},"end":{"line":53,"column":82}},"25":{"start":{"line":57,"column":0},"end":{"line":63,"column":1}},"26":{"start":{"line":58,"column":2},"end":{"line":58,"column":22}},"27":{"start":{"line":59,"column":2},"end":{"line":59,"column":42}},"28":{"start":{"line":60,"column":2},"end":{"line":60,"column":48}},"29":{"start":{"line":62,"column":2},"end":{"line":62,"column":81}},"30":{"start":{"line":65,"column":0},"end":{"line":71,"column":1}},"31":{"start":{"line":66,"column":2},"end":{"line":66,"column":22}},"32":{"start":{"line":67,"column":2},"end":{"line":67,"column":42}},"33":{"start":{"line":68,"column":2},"end":{"line":68,"column":48}},"34":{"start":{"line":70,"column":2},"end":{"line":70,"column":111}},"35":{"start":{"line":73,"column":0},"end":{"line":86,"column":1}},"36":{"start":{"line":74,"column":2},"end":{"line":74,"column":28}},"37":{"start":{"line":75,"column":2},"end":{"line":75,"column":26}},"38":{"start":{"line":77,"column":2},"end":{"line":77,"column":48}},"39":{"start":{"line":79,"column":2},"end":{"line":79,"column":39}},"40":{"start":{"line":79,"column":17},"end":{"line":79,"column":39}},"41":{"start":{"line":81,"column":2},"end":{"line":81,"column":26}},"42":{"start":{"line":82,"column":2},"end":{"line":82,"column":40}},"43":{"start":{"line":83,"column":2},"end":{"line":83,"column":33}},"44":{"start":{"line":85,"column":2},"end":{"line":85,"column":32}}},"branchMap":{"1":{"line":28,"type":"binary-expr","locations":[{"start":{"line":28,"column":15},"end":{"line":28,"column":27}},{"start":{"line":28,"column":31},"end":{"line":28,"column":46}}]},"2":{"line":51,"type":"binary-expr","locations":[{"start":{"line":51,"column":13},"end":{"line":51,"column":26}},{"start":{"line":51,"column":30},"end":{"line":51,"column":56}}]},"3":{"line":79,"type":"if","locations":[{"start":{"line":79,"column":2},"end":{"line":79,"column":2}},{"start":{"line":79,"column":2},"end":{"line":79,"column":2}}]}}},"/Users/sysoev/Development/JavaScript/generator-np/app/index/message.js":{"path":"/Users/sysoev/Development/JavaScript/generator-np/app/index/message.js","s":{"1":1,"2":1,"3":1,"4":1,"5":1,"6":1,"7":1,"8":5,"9":1,"10":4,"11":1,"12":5,"13":1,"14":6,"15":1,"16":6,"17":6,"18":6,"19":6,"20":5,"21":5,"22":6,"23":4,"24":4,"25":6,"26":5,"27":5,"28":6},"b":{"1":[0,1],"2":[1,1],"3":[5,1],"4":[4,2],"5":[5,1]},"f":{"1":1,"2":5,"3":4,"4":5,"5":6,"6":6},"fnMap":{"1":{"name":"_interopRequireDefault","line":12,"loc":{"start":{"line":12,"column":0},"end":{"line":12,"column":37}}},"2":{"name":"travis","line":16,"loc":{"start":{"line":14,"column":0},"end":{"line":14,"column":18}}},"3":{"name":"coveralls","line":23,"loc":{"start":{"line":16,"column":1},"end":{"line":21,"column":21}}},"4":{"name":"commitizen","line":27,"loc":{"start":{"line":25,"column":0},"end":{"line":25,"column":22}}},"5":{"name":"greenkeeper","line":31,"loc":{"start":{"line":29,"column":0},"end":{"line":29,"column":23}}},"6":{"name":"onEndMessage","line":35,"loc":{"start":{"line":33,"column":0},"end":{"line":33,"column":34}}}},"statementMap":{"1":{"start":{"line":3,"column":0},"end":{"line":5,"column":3}},"2":{"start":{"line":6,"column":0},"end":{"line":6,"column":31}},"3":{"start":{"line":8,"column":0},"end":{"line":8,"column":30}},"4":{"start":{"line":10,"column":0},"end":{"line":10,"column":45}},"5":{"start":{"line":12,"column":0},"end":{"line":12,"column":95}},"6":{"start":{"line":12,"column":39},"end":{"line":12,"column":93}},"7":{"start":{"line":14,"column":0},"end":{"line":16,"column":1}},"8":{"start":{"line":15,"column":2},"end":{"line":15,"column":148}},"9":{"start":{"line":16,"column":1},"end":{"line":23,"column":1}},"10":{"start":{"line":22,"column":2},"end":{"line":22,"column":127}},"11":{"start":{"line":25,"column":0},"end":{"line":27,"column":1}},"12":{"start":{"line":26,"column":2},"end":{"line":26,"column":188}},"13":{"start":{"line":29,"column":0},"end":{"line":31,"column":1}},"14":{"start":{"line":30,"column":2},"end":{"line":30,"column":139}},"15":{"start":{"line":33,"column":0},"end":{"line":53,"column":1}},"16":{"start":{"line":34,"column":2},"end":{"line":34,"column":10}},"17":{"start":{"line":35,"column":2},"end":{"line":35,"column":82}},"18":{"start":{"line":36,"column":2},"end":{"line":36,"column":10}},"19":{"start":{"line":37,"column":2},"end":{"line":40,"column":3}},"20":{"start":{"line":38,"column":4},"end":{"line":38,"column":18}},"21":{"start":{"line":39,"column":4},"end":{"line":39,"column":12}},"22":{"start":{"line":42,"column":2},"end":{"line":45,"column":3}},"23":{"start":{"line":43,"column":4},"end":{"line":43,"column":21}},"24":{"start":{"line":44,"column":4},"end":{"line":44,"column":12}},"25":{"start":{"line":47,"column":2},"end":{"line":50,"column":3}},"26":{"start":{"line":48,"column":4},"end":{"line":48,"column":22}},"27":{"start":{"line":49,"column":4},"end":{"line":49,"column":12}},"28":{"start":{"line":52,"column":2},"end":{"line":52,"column":21}}},"branchMap":{"1":{"line":13,"type":"cond-expr","locations":[{"start":{"line":12,"column":70},"end":{"line":12,"column":73}},{"start":{"line":12,"column":76},"end":{"line":12,"column":92}}]},"2":{"line":13,"type":"binary-expr","locations":[{"start":{"line":12,"column":46},"end":{"line":12,"column":49}},{"start":{"line":12,"column":53},"end":{"line":12,"column":67}}]},"3":{"line":39,"type":"if","locations":[{"start":{"line":37,"column":2},"end":{"line":37,"column":2}},{"start":{"line":37,"column":2},"end":{"line":37,"column":2}}]},"4":{"line":44,"type":"if","locations":[{"start":{"line":42,"column":2},"end":{"line":42,"column":2}},{"start":{"line":42,"column":2},"end":{"line":42,"column":2}}]},"5":{"line":49,"type":"if","locations":[{"start":{"line":47,"column":2},"end":{"line":47,"column":2}},{"start":{"line":47,"column":2},"end":{"line":47,"column":2}}]}}}}