TN:
SF:/Users/sysoev/Development/JavaScript/generator-np/app/index.js
FN:35,_interopRequireDefault
FN:40,init
FN:54,(anonymous_3)
FN:56,(anonymous_4)
FN:58,(anonymous_5)
FN:62,install
FN:68,end
FNF:7
FNH:7
FNDA:8,_interopRequireDefault
FNDA:6,init
FNDA:6,(anonymous_3)
FNDA:6,(anonymous_4)
FNDA:6,(anonymous_5)
FNDA:6,install
FNDA:6,end
DA:3,1
DA:5,1
DA:7,1
DA:9,1
DA:11,1
DA:13,1
DA:15,1
DA:17,1
DA:19,1
DA:21,1
DA:23,1
DA:25,1
DA:27,1
DA:29,1
DA:31,1
DA:33,1
DA:35,8
DA:37,1
DA:39,6
DA:41,6
DA:43,6
DA:44,6
DA:45,6
DA:46,6
DA:47,6
DA:48,6
DA:50,6
DA:52,6
DA:53,6
DA:55,6
DA:57,6
DA:61,6
DA:63,0
DA:64,0
DA:67,6
DA:69,6
LF:36
LH:34
BRDA:36,1,0,4
BRDA:36,1,1,4
BRDA:36,2,0,8
BRDA:36,2,1,8
BRDA:63,3,0,6
BRDA:63,3,1,0
BRDA:69,4,0,0
BRDA:69,4,1,6
BRF:8
BRH:6
end_of_record
TN:
SF:/Users/sysoev/Development/JavaScript/generator-np/app/index/files-config.js
FNF:0
FNH:0
DA:3,1
DA:6,1
LF:2
LH:2
BRF:0
BRH:0
end_of_record
TN:
SF:/Users/sysoev/Development/JavaScript/generator-np/app/index/user-interaction.js
FN:7,userInteraction
FN:13,(anonymous_2)
FN:19,filter
FN:42,_default
FN:45,filter
FN:58,when
FNF:6
FNH:4
FNDA:6,userInteraction
FNDA:6,(anonymous_2)
FNDA:0,filter
FNDA:6,_default
FNDA:0,filter
FNDA:6,when
DA:3,1
DA:6,1
DA:7,1
DA:8,6
DA:9,6
DA:10,6
DA:11,6
DA:13,6
DA:14,6
DA:20,0
DA:43,6
DA:46,0
DA:59,6
LF:13
LH:11
BRDA:46,1,0,0
BRDA:46,1,1,0
BRF:2
BRH:0
end_of_record
TN:
SF:/Users/sysoev/Development/JavaScript/generator-np/app/index/generate.js
FN:12,generateTplData
FN:35,copy
FN:40,(anonymous_3)
FN:45,tpl
FN:50,(anonymous_5)
FN:52,(anonymous_6)
FN:57,cli
FN:65,tests
FN:73,generate
FNF:9
FNH:9
FNDA:6,generateTplData
FNDA:6,copy
FNDA:42,(anonymous_3)
FNDA:6,tpl
FNDA:18,(anonymous_5)
FNDA:17,(anonymous_6)
FNDA:1,cli
FNDA:6,tests
FNDA:6,generate
DA:3,1
DA:6,1
DA:7,1
DA:8,1
DA:9,1
DA:10,1
DA:11,1
DA:12,1
DA:13,6
DA:14,6
DA:16,6
DA:35,1
DA:36,6
DA:37,6
DA:38,6
DA:40,6
DA:41,42
DA:45,1
DA:46,6
DA:47,6
DA:48,6
DA:50,6
DA:51,18
DA:53,17
DA:57,1
DA:58,1
DA:59,1
DA:60,1
DA:62,1
DA:65,1
DA:66,6
DA:67,6
DA:68,6
DA:70,6
DA:73,1
DA:74,6
DA:75,6
DA:77,6
DA:79,6
DA:81,6
DA:82,6
DA:83,6
DA:85,6
LF:43
LH:43
BRDA:28,1,0,6
BRDA:28,1,1,5
BRDA:51,2,0,18
BRDA:51,2,1,3
BRDA:79,3,0,1
BRDA:79,3,1,5
BRF:6
BRH:6
end_of_record
TN:
SF:/Users/sysoev/Development/JavaScript/generator-np/app/index/message.js
FN:12,_interopRequireDefault
FN:16,travis
FN:23,coveralls
FN:27,commitizen
FN:31,greenkeeper
FN:35,onEndMessage
FNF:6
FNH:6
FNDA:1,_interopRequireDefault
FNDA:5,travis
FNDA:4,coveralls
FNDA:5,commitizen
FNDA:6,greenkeeper
FNDA:6,onEndMessage
DA:3,1
DA:6,1
DA:8,1
DA:10,1
DA:12,1
DA:14,1
DA:15,5
DA:16,1
DA:22,4
DA:25,1
DA:26,5
DA:29,1
DA:30,6
DA:33,1
DA:34,6
DA:35,6
DA:36,6
DA:37,6
DA:38,5
DA:39,5
DA:42,6
DA:43,4
DA:44,4
DA:47,6
DA:48,5
DA:49,5
DA:52,6
LF:27
LH:27
BRDA:13,1,0,0
BRDA:13,1,1,1
BRDA:13,2,0,1
BRDA:13,2,1,1
BRDA:39,3,0,5
BRDA:39,3,1,1
BRDA:44,4,0,4
BRDA:44,4,1,2
BRDA:49,5,0,5
BRDA:49,5,1,1
BRF:10
BRH:9
end_of_record
